2021-12-03 18:18:23 INFO  BasePage:33 - --page has been checked--
2021-12-03 18:18:30 INFO  BasePage:38 - --url has been checked--
2021-12-03 18:18:32 INFO  BasePage:58 - testiniumn11test@hotmail.com has been written to the designated field.---
2021-12-03 18:18:33 INFO  BasePage:58 - Testinium123 has been written to the designated field.---
2021-12-03 18:18:38 INFO  BasePage:58 - Kolye has been written to the designated field.---
2021-12-03 18:18:41 INFO  BasePage:38 - --url has been checked--
2021-12-03 18:18:52 INFO  BasePage:33 - --page has been checked--
2021-12-03 18:19:55 INFO  BasePage:33 - --page has been checked--
2021-12-03 18:20:02 INFO  BasePage:38 - --url has been checked--
2021-12-03 18:20:04 INFO  BasePage:58 - testiniumn11test@hotmail.com has been written to the designated field.---
2021-12-03 18:20:04 INFO  BasePage:58 - Testinium123 has been written to the designated field.---
2021-12-03 18:20:10 INFO  BasePage:58 - Kolye has been written to the designated field.---
2021-12-03 18:20:12 INFO  BasePage:38 - --url has been checked--
2021-12-03 18:20:23 INFO  BasePage:33 - --page has been checked--
2021-12-03 18:20:26 INFO  BasePage:58 - Çanta has been written to the designated field.---
2021-12-03 18:20:41 INFO  BasePage:38 - --url has been checked--
2021-12-03 18:21:21 INFO  BasePage:58 -  has been written to the designated field.---
2021-12-03 18:22:22 INFO  BasePage:33 - --page has been checked--
2021-12-03 18:22:29 INFO  BasePage:38 - --url has been checked--
2021-12-03 18:22:31 INFO  BasePage:58 - testiniumn11test@hotmail.com has been written to the designated field.---
2021-12-03 18:22:31 INFO  BasePage:58 - Testinium123 has been written to the designated field.---
2021-12-03 18:22:37 INFO  BasePage:58 - Kolye has been written to the designated field.---
2021-12-03 18:22:39 INFO  BasePage:38 - --url has been checked--
2021-12-03 18:22:50 INFO  BasePage:33 - --page has been checked--
2021-12-03 18:22:53 INFO  BasePage:58 - Çanta has been written to the designated field.---
2021-12-03 18:23:08 INFO  BasePage:38 - --url has been checked--
2021-12-03 18:23:48 INFO  BasePage:58 -  has been written to the designated field.---
2021-12-03 18:28:05 INFO  BasePage:33 - --page has been checked--
2021-12-03 18:28:11 INFO  BasePage:38 - --url has been checked--
2021-12-03 18:28:14 INFO  BasePage:58 - testiniumn11test@hotmail.com has been written to the designated field.---
2021-12-03 18:28:14 INFO  BasePage:58 - Testinium123 has been written to the designated field.---
2021-12-03 18:28:20 INFO  BasePage:58 - Kolye has been written to the designated field.---
2021-12-03 18:28:22 INFO  BasePage:38 - --url has been checked--
2021-12-03 18:28:33 INFO  BasePage:33 - --page has been checked--
2021-12-03 18:28:36 INFO  BasePage:58 - Çanta has been written to the designated field.---
2021-12-03 18:28:51 INFO  BasePage:38 - --url has been checked--
2021-12-03 18:29:31 INFO  BasePage:58 -  has been written to the designated field.---
2021-12-03 18:40:22 INFO  BasePage:33 - --page has been checked--
2021-12-03 18:40:29 INFO  BasePage:38 - --url has been checked--
2021-12-03 18:40:31 INFO  BasePage:58 - testiniumn11test@hotmail.com has been written to the designated field.---
2021-12-03 18:40:31 INFO  BasePage:58 - Testinium123 has been written to the designated field.---
2021-12-03 18:40:37 INFO  BasePage:58 - Kolye has been written to the designated field.---
2021-12-03 18:40:40 INFO  BasePage:38 - --url has been checked--
2021-12-03 18:40:50 INFO  BasePage:33 - --page has been checked--
2021-12-03 18:40:53 INFO  BasePage:58 - Çanta has been written to the designated field.---
2021-12-03 18:40:56 INFO  BasePage:38 - --url has been checked--
2021-12-03 18:41:09 INFO  BasePage:38 - --url has been checked--
2021-12-03 18:41:49 INFO  BasePage:58 -  has been written to the designated field.---
2021-12-03 18:49:43 INFO  BasePage:33 - --page has been checked--
2021-12-03 18:49:50 INFO  BasePage:38 - --url has been checked--
2021-12-03 18:49:52 INFO  BasePage:58 - testiniumn11test@hotmail.com has been written to the designated field.---
2021-12-03 18:49:52 INFO  BasePage:58 - Testinium123 has been written to the designated field.---
2021-12-03 18:49:58 INFO  BasePage:58 - Kolye has been written to the designated field.---
2021-12-03 18:50:00 INFO  BasePage:38 - --url has been checked--
2021-12-03 18:50:11 INFO  BasePage:33 - --page has been checked--
2021-12-03 18:50:14 INFO  BasePage:58 - Çanta has been written to the designated field.---
2021-12-03 18:50:17 INFO  BasePage:38 - --url has been checked--
2021-12-03 18:50:29 INFO  BasePage:38 - --url has been checked--
2021-12-03 18:50:58 INFO  BasePage:38 - --url has been checked--
2021-12-03 18:51:08 INFO  BasePage:58 -  has been written to the designated field.---
2021-12-03 18:52:15 INFO  BasePage:33 - --page has been checked--
2021-12-03 18:52:22 INFO  BasePage:38 - --url has been checked--
2021-12-03 18:52:25 INFO  BasePage:58 - testiniumn11test@hotmail.com has been written to the designated field.---
2021-12-03 18:52:25 INFO  BasePage:58 - Testinium123 has been written to the designated field.---
2021-12-03 18:52:31 INFO  BasePage:58 - Kolye has been written to the designated field.---
2021-12-03 18:52:33 INFO  BasePage:38 - --url has been checked--
2021-12-03 18:52:44 INFO  BasePage:33 - --page has been checked--
2021-12-03 18:52:47 INFO  BasePage:58 - Çanta has been written to the designated field.---
2021-12-03 18:52:50 INFO  BasePage:38 - --url has been checked--
2021-12-03 18:53:02 INFO  BasePage:38 - --url has been checked--
2021-12-03 18:53:32 INFO  BasePage:38 - --url has been checked--
2021-12-03 18:53:42 INFO  BasePage:58 -  has been written to the designated field.---
